<?xml version="1.0" encoding="UTF-8"?>
<testsuite xmlns:xsi="http://www.w3.org/2001/XMLSchema-instance" xsi:noNamespaceSchemaLocation="https://maven.apache.org/surefire/maven-surefire-plugin/xsd/surefire-test-report.xsd" version="3.0.1" name="com.observability.sdk.ObservabilitySdkTest$TlsConfiguration" time="0.017" tests="6" errors="0" skipped="0" failures="0">
  <properties>
[...]
</properties>
  <testcase name="shouldFailValidationForMissingPath" classname="com.observability.sdk.ObservabilitySdkTest$TlsConfiguration" time="0.003"/>
  <testcase name="shouldLoadClientCertAndKey" classname="com.observability.sdk.ObservabilitySdkTest$TlsConfiguration" time="0.003"/>
  <testcase name="shouldThrowForMissingCertFile" classname="com.observability.sdk.ObservabilitySdkTest$TlsConfiguration" time="0.003"/>
  <testcase name="shouldLoadTrustedCertificates" classname="com.observability.sdk.ObservabilitySdkTest$TlsConfiguration" time="0.002"/>
  <testcase name="shouldValidateAllPaths" classname="com.observability.sdk.ObservabilitySdkTest$TlsConfiguration" time="0.003"/>
  <testcase name="shouldReturnEmptyWhenNotConfigured" classname="com.observability.sdk.ObservabilitySdkTest$TlsConfiguration" time="0.002"/>
</testsuite>